<?xml version="1.0" encoding="UTF-8"?>
<testng-results ignored="0" total="1" passed="1" failed="0" skipped="0">
  <reporter-output>
  </reporter-output>
  <suite started-at="2021-05-17T04:10:13Z" name="Default suite" finished-at="2021-05-17T04:10:15Z" duration-ms="1561">
    <groups>
    </groups>
    <test started-at="2021-05-17T04:10:13Z" name="Default test" finished-at="2021-05-17T04:10:15Z" duration-ms="1561">
      <class name="com.Student.StudentTest">
        <test-method signature="jsonparse()[pri:0, instance:com.Student.StudentTest@658c5a19]" started-at="2021-05-17T04:10:13Z" name="jsonparse" finished-at="2021-05-17T04:10:15Z" duration-ms="1519" status="PASS">
          <reporter-output>
          </reporter-output>
        </test-method> <!-- jsonparse -->
      </class> <!-- com.Student.StudentTest -->
    </test> <!-- Default test -->
  </suite> <!-- Default suite -->
</testng-results>
