<?xml version="1.0" encoding="UTF-8"?>
<testng-results ignored="0" total="1" passed="1" failed="0" skipped="0">
  <reporter-output>
  </reporter-output>
  <suite started-at="2021-05-15T09:26:58Z" name="Default suite" finished-at="2021-05-15T09:27:00Z" duration-ms="2690">
    <groups>
    </groups>
    <test started-at="2021-05-15T09:26:58Z" name="Default test" finished-at="2021-05-15T09:27:00Z" duration-ms="2690">
      <class name="com.postverify.responseverify">
        <test-method signature="verify()[pri:0, instance:com.postverify.responseverify@78a773fd]" started-at="2021-05-15T09:26:58Z" name="verify" finished-at="2021-05-15T09:27:00Z" duration-ms="2663" status="PASS">
          <reporter-output>
          </reporter-output>
        </test-method> <!-- verify -->
      </class> <!-- com.postverify.responseverify -->
    </test> <!-- Default test -->
  </suite> <!-- Default suite -->
</testng-results>
